Using pre-set license
Desktop is 3520 x 1366 @ 60 Hz

 COMMAND LINE ARGUMENTS:
Unity
-adb2
-batchMode
-noUpm
-name
AssetImportWorker0
-projectPath
/home/pc/Desktop/Cube/URPTD
-logFile
Logs/AssetImportWorker0.log
-srvPort
42423
Successfully changed project path to: /home/pc/Desktop/Cube/URPTD
/home/pc/Desktop/Cube/URPTD
Using Asset Import Pipeline V2.
Refreshing native plugins compatible for Editor in 106,90 ms, found 0 plugins.
Preloading 0 native plugins for Editor in 0,00 ms.
Initialize engine version: 2020.3.6f1 (338bb68529b2)
[Subsystems] Discovering subsystems at path /home/pc/Unity/Hub/Editor/2020.3.6f1/Editor/Data/Resources/UnitySubsystems
[Subsystems] Discovering subsystems at path /home/pc/Desktop/Cube/URPTD/Assets
GLX Extensions: GLX_EXT_visual_info GLX_EXT_visual_rating GLX_EXT_import_context GLX_SGIX_fbconfig GLX_SGIX_pbuffer GLX_SGI_video_sync GLX_SGI_swap_control GLX_EXT_swap_control GLX_EXT_swap_control_tear GLX_EXT_texture_from_pixmap GLX_EXT_buffer_age GLX_ARB_create_context GLX_ARB_create_context_profile GLX_EXT_create_context_es_profile GLX_EXT_create_context_es2_profile GLX_ARB_create_context_no_error GLX_ARB_create_context_robustness GLX_NV_delay_before_swap GLX_EXT_stereo_tree GLX_ARB_context_flush_control GLX_NV_robustness_video_memory_purge GLX_ARB_multisample GLX_NV_float_buffer GLX_ARB_fbconfig_float GLX_EXT_framebuffer_sRGB GLX_NV_multisample_coverage GLX_NV_copy_image GLX_ARB_get_proc_address 
Renderer: GeForce GT 650M/PCIe/SSE2
Vendor:   NVIDIA Corporation
Version:  4.5.0 NVIDIA 390.151
GLES:     0
 GL_AMD_multi_draw_indirect GL_AMD_seamless_cubemap_per_texture GL_ARB_arrays_of_arrays GL_ARB_base_instance GL_ARB_bindless_texture GL_ARB_blend_func_extended GL_ARB_buffer_storage GL_ARB_clear_buffer_object GL_ARB_clear_texture GL_ARB_clip_control GL_ARB_color_buffer_float GL_ARB_compressed_texture_pixel_storage GL_ARB_conservative_depth GL_ARB_compute_shader GL_ARB_compute_variable_group_size GL_ARB_conditional_render_inverted GL_ARB_copy_buffer GL_ARB_copy_image GL_ARB_cull_distance GL_ARB_debug_output GL_ARB_depth_buffer_float GL_ARB_depth_clamp GL_ARB_depth_texture GL_ARB_derivative_control GL_ARB_direct_state_access GL_ARB_draw_buffers GL_ARB_draw_buffers_blend GL_ARB_draw_indirect GL_ARB_draw_elements_base_vertex GL_ARB_draw_instanced GL_ARB_enhanced_layouts GL_ARB_ES2_compatibility GL_ARB_ES3_compatibility GL_ARB_ES3_1_compatibility GL_ARB_ES3_2_compatibility GL_ARB_explicit_attrib_location GL_ARB_explicit_uniform_location GL_ARB_fragment_coord_conventions GL_ARB_fragment_layer_viewport GL_ARB_fragm
ent_program GL_ARB_fragment_program_shadow GL_ARB_fragment_shader GL_ARB_framebuffer_no_attachments GL_ARB_framebuffer_object GL_ARB_framebuffer_sRGB GL_ARB_geometry_shader4 GL_ARB_get_program_binary GL_ARB_get_texture_sub_image GL_ARB_gl_spirv GL_ARB_gpu_shader5 GL_ARB_gpu_shader_fp64 GL_ARB_gpu_shader_int64 GL_ARB_half_float_pixel GL_ARB_half_float_vertex GL_ARB_imaging GL_ARB_indirect_parameters GL_ARB_instanced_arrays GL_ARB_internalformat_query GL_ARB_internalformat_query2 GL_ARB_invalidate_subdata GL_ARB_map_buffer_alignment GL_ARB_map_buffer_range GL_ARB_multi_bind GL_ARB_multi_draw_indirect GL_ARB_multisample GL_ARB_multitexture GL_ARB_occlusion_query GL_ARB_occlusion_query2 GL_ARB_parallel_shader_compile GL_ARB_pipeline_statistics_query GL_ARB_pixel_buffer_object GL_ARB_point_parameters GL_ARB_point_sprite GL_ARB_polygon_offset_clamp GL_ARB_program_interface_query GL_ARB_provoking_vertex GL_ARB_query_buffer_object GL_ARB_robust_buffer_access_behavior GL_ARB_robustness GL_ARB_sample_shading GL_ARB_sa
mpler_objects GL_ARB_seamless_cube_map GL_ARB_seamless_cubemap_per_texture GL_ARB_separate_shader_objects GL_ARB_shader_atomic_counter_ops GL_ARB_shader_atomic_counters GL_ARB_shader_ballot GL_ARB_shader_bit_encoding GL_ARB_shader_clock GL_ARB_shader_draw_parameters GL_ARB_shader_group_vote GL_ARB_shader_image_load_store GL_ARB_shader_image_size GL_ARB_shader_objects GL_ARB_shader_precision GL_ARB_shader_storage_buffer_object GL_ARB_shader_subroutine GL_ARB_shader_texture_image_samples GL_ARB_shader_texture_lod GL_ARB_shading_language_100 GL_ARB_shading_language_420pack GL_ARB_shading_language_include GL_ARB_shading_language_packing GL_ARB_shadow GL_ARB_sparse_buffer GL_ARB_sparse_texture GL_ARB_spirv_extensions GL_ARB_stencil_texturing GL_ARB_sync GL_ARB_tessellation_shader GL_ARB_texture_barrier GL_ARB_texture_border_clamp GL_ARB_texture_buffer_object GL_ARB_texture_buffer_object_rgb32 GL_ARB_texture_buffer_range GL_ARB_texture_compression GL_ARB_texture_compression_bptc GL_ARB_texture_compression_rgtc GL_
ARB_texture_cube_map GL_ARB_texture_cube_map_array GL_ARB_texture_env_add GL_ARB_texture_env_combine GL_ARB_texture_env_crossbar GL_ARB_texture_env_dot3 GL_ARB_texture_filter_anisotropic GL_ARB_texture_float GL_ARB_texture_gather GL_ARB_texture_mirror_clamp_to_edge GL_ARB_texture_mirrored_repeat GL_ARB_texture_multisample GL_ARB_texture_non_power_of_two GL_ARB_texture_query_levels GL_ARB_texture_query_lod GL_ARB_texture_rectangle GL_ARB_texture_rg GL_ARB_texture_rgb10_a2ui GL_ARB_texture_stencil8 GL_ARB_texture_storage GL_ARB_texture_storage_multisample GL_ARB_texture_swizzle GL_ARB_texture_view GL_ARB_timer_query GL_ARB_transform_feedback2 GL_ARB_transform_feedback3 GL_ARB_transform_feedback_instanced GL_ARB_transform_feedback_overflow_query GL_ARB_transpose_matrix GL_ARB_uniform_buffer_object GL_ARB_vertex_array_bgra GL_ARB_vertex_array_object GL_ARB_vertex_attrib_64bit GL_ARB_vertex_attrib_binding GL_ARB_vertex_buffer_object GL_ARB_vertex_program GL_ARB_vertex_shader GL_ARB_vertex_type_10f_11f_11f_rev GL_
ARB_vertex_type_2_10_10_10_rev GL_ARB_viewport_array GL_ARB_window_pos GL_ATI_draw_buffers GL_ATI_texture_float GL_ATI_texture_mirror_once GL_S3_s3tc GL_EXT_texture_env_add GL_EXT_abgr GL_EXT_bgra GL_EXT_bindable_uniform GL_EXT_blend_color GL_EXT_blend_equation_separate GL_EXT_blend_func_separate GL_EXT_blend_minmax GL_EXT_blend_subtract GL_EXT_compiled_vertex_array GL_EXT_Cg_shader GL_EXT_depth_bounds_test GL_EXT_direct_state_access GL_EXT_draw_buffers2 GL_EXT_draw_instanced GL_EXT_draw_range_elements GL_EXT_fog_coord GL_EXT_framebuffer_blit GL_EXT_framebuffer_multisample GL_EXTX_framebuffer_mixed_formats GL_EXT_framebuffer_multisample_blit_scaled GL_EXT_framebuffer_object GL_EXT_framebuffer_sRGB GL_EXT_geometry_shader4 GL_EXT_gpu_program_parameters GL_EXT_gpu_shader4 GL_EXT_multi_draw_arrays GL_EXT_packed_depth_stencil GL_EXT_packed_float GL_EXT_packed_pixels GL_EXT_pixel_buffer_object GL_EXT_point_parameters GL_EXT_polygon_offset_clamp GL_EXT_provoking_vertex GL_EXT_rescale_normal GL_EXT_secondary_color G
L_EXT_separate_shader_objects GL_EXT_separate_specular_color GL_EXT_shader_image_load_store GL_EXT_shader_integer_mix GL_EXT_shadow_funcs GL_EXT_stencil_two_side GL_EXT_stencil_wrap GL_EXT_texture3D GL_EXT_texture_array GL_EXT_texture_buffer_object GL_EXT_texture_compression_dxt1 GL_EXT_texture_compression_latc GL_EXT_texture_compression_rgtc GL_EXT_texture_compression_s3tc GL_EXT_texture_cube_map GL_EXT_texture_edge_clamp GL_EXT_texture_env_combine GL_EXT_texture_env_dot3 GL_EXT_texture_filter_anisotropic GL_EXT_texture_integer GL_EXT_texture_lod GL_EXT_texture_lod_bias GL_EXT_texture_mirror_clamp GL_EXT_texture_object GL_EXT_texture_shared_exponent GL_EXT_texture_sRGB GL_EXT_texture_sRGB_decode GL_EXT_texture_storage GL_EXT_texture_swizzle GL_EXT_timer_query GL_EXT_transform_feedback2 GL_EXT_vertex_array GL_EXT_vertex_array_bgra GL_EXT_vertex_attrib_64bit GL_EXT_window_rectangles GL_EXT_x11_sync_object GL_EXT_import_sync_object GL_NV_robustness_video_memory_purge GL_IBM_rasterpos_clip GL_IBM_texture_mirror
ed_repeat GL_KHR_context_flush_control GL_KHR_debug GL_EXT_memory_object GL_EXT_memory_object_fd GL_KHR_parallel_shader_compile GL_KHR_no_error GL_KHR_robust_buffer_access_behavior GL_KHR_robustness GL_EXT_semaphore GL_EXT_semaphore_fd GL_KTX_buffer_region GL_NV_alpha_to_coverage_dither_control GL_NV_bindless_multi_draw_indirect GL_NV_bindless_multi_draw_indirect_count GL_NV_bindless_texture GL_NV_blend_equation_advanced GL_NV_blend_square GL_NV_command_list GL_NV_compute_program5 GL_NV_conditional_render GL_NV_copy_depth_to_color GL_NV_copy_image GL_NV_depth_buffer_float GL_NV_depth_clamp GL_NV_draw_texture GL_NV_draw_vulkan_image GL_NV_ES1_1_compatibility GL_NV_ES3_1_compatibility GL_NV_explicit_multisample GL_NV_fence GL_NV_float_buffer GL_NV_fog_distance GL_NV_fragment_program GL_NV_fragment_program_option GL_NV_fragment_program2 GL_NV_framebuffer_multisample_coverage GL_NV_geometry_shader4 GL_NV_gpu_program4 GL_NV_internalformat_sample_query GL_NV_gpu_program4_1 GL_NV_gpu_program5 GL_NV_gpu_program5_mem
_extended GL_NV_gpu_program_fp64 GL_NV_gpu_shader5 GL_NV_half_float GL_NV_light_max_exponent GL_NV_multisample_coverage GL_NV_multisample_filter_hint GL_NV_occlusion_query GL_NV_packed_depth_stencil GL_NV_parameter_buffer_object GL_NV_parameter_buffer_object2 GL_NV_path_rendering GL_NV_pixel_data_range GL_NV_point_sprite GL_NV_primitive_restart GL_NV_query_resource GL_NV_query_resource_tag GL_NV_register_combiners GL_NV_register_combiners2 GL_NV_shader_atomic_counters GL_NV_shader_atomic_float GL_NV_shader_buffer_load GL_NV_shader_storage_buffer_object GL_NV_texgen_reflection GL_NV_texture_barrier GL_NV_texture_compression_vtc GL_NV_texture_env_combine4 GL_NV_texture_multisample GL_NV_texture_rectangle GL_NV_texture_rectangle_compressed GL_NV_texture_shader GL_NV_texture_shader2 GL_NV_texture_shader3 GL_NV_transform_feedback GL_NV_transform_feedback2 GL_NV_uniform_buffer_unified_memory GL_NV_vdpau_interop GL_NV_vertex_array_range GL_NV_vertex_array_range2 GL_NV_vertex_attrib_integer_64bit GL_NV_vertex_buffer
_unified_memory GL_NV_vertex_program GL_NV_vertex_program1_1 GL_NV_vertex_program2 GL_NV_vertex_program2_option GL_NV_vertex_program3 GL_NVX_conditional_render GL_NVX_gpu_memory_info GL_NVX_nvenc_interop GL_NV_shader_thread_group GL_NV_shader_thread_shuffle GL_KHR_blend_equation_advanced GL_SGIS_generate_mipmap GL_SGIS_texture_lod GL_SGIX_depth_texture GL_SGIX_shadow GL_SUN_slice_accum
OPENGL LOG: Creating OpenGL 4.5 graphics device ; Context level  <OpenGL 4.5> ; Context handle -1915722376
Shader 'Universal Render Pipeline/Particles/Lit': fallback shader 'Universal Render Pipeline/Particles/SimpleLit' not found
Initialize mono
Mono path[0] = '/home/pc/Unity/Hub/Editor/2020.3.6f1/Editor/Data/Managed'
Mono path[1] = '/home/pc/Unity/Hub/Editor/2020.3.6f1/Editor/Data/MonoBleedingEdge/lib/mono/unityjit'
Mono config path = '/home/pc/Unity/Hub/Editor/2020.3.6f1/Editor/Data/MonoBleedingEdge/etc'
Using monoOptions --debugger-agent=transport=dt_socket,embedding=1,server=y,suspend=n,address=127.0.0.1:56520
Begin MonoManager ReloadAssembly
Registering precompiled unity dll's ...
Register platform support module: /home/pc/Unity/Hub/Editor/2020.3.6f1/Editor/Data/PlaybackEngines/LinuxStandaloneSupport/UnityEditor.LinuxStandalone.Extensions.dll
Registered in 0,001919 seconds.
Native extension for LinuxStandalone target not found
Refreshing native plugins compatible for Editor in 107,55 ms, found 0 plugins.
Preloading 0 native plugins for Editor in 0,00 ms.
Mono: successfully reloaded assembly
- Completed reload, in  2,793 seconds
Platform modules already initialized, skipping
Registering precompiled user dll's ...
Registered in 0,001500 seconds.
Begin MonoManager ReloadAssembly
Native extension for LinuxStandalone target not found
Refreshing native plugins compatible for Editor in 99,26 ms, found 0 plugins.
Preloading 0 native plugins for Editor in 0,00 ms.
Mono: successfully reloaded assembly
- Completed reload, in  1,888 seconds
Platform modules already initialized, skipping
========================================================================
Worker process is ready to serve import requests
Shader 'Universal Render Pipeline/Particles/Lit': fallback shader 'Universal Render Pipeline/Particles/SimpleLit' not found
Launched and connected shader compiler UnityShaderCompiler after 0.01 seconds
Refreshing native plugins compatible for Editor in 0,87 ms, found 0 plugins.
Preloading 0 native plugins for Editor in 0,00 ms.
Unloading 2724 Unused Serialized files (Serialized files now loaded: 0)
System memory in use before: 117,8 MB.
System memory in use after: 117,0 MB.

Unloading 49 unused Assets to reduce memory usage. Loaded Objects now: 3140.
Total: 8,827346 ms (FindLiveObjects: 0,816494 ms CreateObjectMapping: 0,446853 ms MarkObjects: 5,483189 ms  DeleteObjects: 2,076763 ms)

========================================================================
Received Import Request.
  path: Assets/Screenshot from 2022-06-19 12-36-06(1) (copy).png
  artifactKey: Guid(5e5091d5ca44222538813662dd27dec6) Importer(815301076,1909f56bfc062723c751e8b465ee728b)
Start importing Assets/Screenshot from 2022-06-19 12-36-06(1) (copy).png using Guid(5e5091d5ca44222538813662dd27dec6) Importer(815301076,1909f56bfc062723c751e8b465ee728b)  -> (artifact id: 'c683ac6ecb4857ab380580637d0826a4') in 0,116400 seconds
  Import took 0,124800 seconds .

========================================================================
Received Import Request.
  Time since last request: 4,288008 seconds.
  path: Assets/ss.png
  artifactKey: Guid(5e5091d5ca44222538813662dd27dec6) Importer(815301076,1909f56bfc062723c751e8b465ee728b)
Start importing Assets/ss.png using Guid(5e5091d5ca44222538813662dd27dec6) Importer(815301076,1909f56bfc062723c751e8b465ee728b)  -> (artifact id: '1c172f3e135cd9ebe3722f3d3b3fcb38') in 0,022783 seconds
  Import took 0,033049 seconds .

========================================================================
Received Prepare
Shader 'Universal Render Pipeline/Particles/Lit': fallback shader 'Universal Render Pipeline/Particles/SimpleLit' not found
Refreshing native plugins compatible for Editor in 5,75 ms, found 0 plugins.
Preloading 0 native plugins for Editor in 0,00 ms.
Unloading 41 Unused Serialized files (Serialized files now loaded: 0)
System memory in use before: 62,3 MB.
System memory in use after: 61,5 MB.

Unloading 41 unused Assets to reduce memory usage. Loaded Objects now: 3146.
Total: 5,700043 ms (FindLiveObjects: 0,335079 ms CreateObjectMapping: 0,134588 ms MarkObjects: 4,324626 ms  DeleteObjects: 0,903216 ms)

========================================================================
Received Import Request.
  Time since last request: 634,203894 seconds.
  path: Assets/Scripts/Turret/GameObject
  artifactKey: Guid(ff3086989a08082469afbf50bcae4b67) Importer(815301076,1909f56bfc062723c751e8b465ee728b)
Start importing Assets/Scripts/Turret/GameObject using Guid(ff3086989a08082469afbf50bcae4b67) Importer(815301076,1909f56bfc062723c751e8b465ee728b)  -> (artifact id: 'baf7ceb250a607d398af2ba814fdc8f7') in 0,005507 seconds
  Import took 0,038408 seconds .

========================================================================
Received Import Request.
  Time since last request: 0,884186 seconds.
  path: Assets/Scripts/Turret/GameObject/TurretScriptable
  artifactKey: Guid(9f8648f537be1704b8135a6117ddaa94) Importer(815301076,1909f56bfc062723c751e8b465ee728b)
Start importing Assets/Scripts/Turret/GameObject/TurretScriptable using Guid(9f8648f537be1704b8135a6117ddaa94) Importer(815301076,1909f56bfc062723c751e8b465ee728b)  -> (artifact id: '3039548d649aeeb8cd21126666a95f7f') in 0,006402 seconds
  Import took 0,012632 seconds .

========================================================================
Received Import Request.
  Time since last request: 1,084815 seconds.
  path: Assets/Scripts/Turret/GameObject/TurretScriptable/Turret.cs
  artifactKey: Guid(479dc7ea265c8c44897f40e552ca1f11) Importer(815301076,1909f56bfc062723c751e8b465ee728b)
Start importing Assets/Scripts/Turret/GameObject/TurretScriptable/Turret.cs using Guid(479dc7ea265c8c44897f40e552ca1f11) Importer(815301076,1909f56bfc062723c751e8b465ee728b)  -> (artifact id: '6b8e62a3932708538c58e9371e899526') in 0,003515 seconds
  Import took 0,013088 seconds .

========================================================================
Received Import Request.
  Time since last request: 0,000771 seconds.
  path: Assets/Scripts/Turret/GameObject/TurretScriptable/Turret.cs
  artifactKey: Guid(479dc7ea265c8c44897f40e552ca1f11) Importer(815301076,1909f56bfc062723c751e8b465ee728b)
Start importing Assets/Scripts/Turret/GameObject/TurretScriptable/Turret.cs using Guid(479dc7ea265c8c44897f40e552ca1f11) Importer(815301076,1909f56bfc062723c751e8b465ee728b)  -> (artifact id: '6b8e62a3932708538c58e9371e899526') in 0,001504 seconds
  Import took 0,010219 seconds .

========================================================================
Received Prepare
Registering precompiled user dll's ...
Registered in 0,001746 seconds.
Begin MonoManager ReloadAssembly
Native extension for LinuxStandalone target not found
Refreshing native plugins compatible for Editor in 0,86 ms, found 0 plugins.
Preloading 0 native plugins for Editor in 0,00 ms.
Mono: successfully reloaded assembly
- Completed reload, in  2,081 seconds
Platform modules already initialized, skipping
Switching build target platform(24) subTarget(0) extendedPlatform(0) -> platform(13) subTarget(589824) extendedPlatform(0)
Shader 'Universal Render Pipeline/Particles/Lit': fallback shader 'Universal Render Pipeline/Particles/SimpleLit' not found
Refreshing native plugins compatible for Editor in 1,61 ms, found 0 plugins.
Preloading 0 native plugins for Editor in 0,00 ms.
Unloading 2633 Unused Serialized files (Serialized files now loaded: 0)
System memory in use before: 112,8 MB.
System memory in use after: 112,0 MB.

Unloading 44 unused Assets to reduce memory usage. Loaded Objects now: 3149.
Total: 8,872081 ms (FindLiveObjects: 0,756168 ms CreateObjectMapping: 0,312729 ms MarkObjects: 6,523700 ms  DeleteObjects: 1,274119 ms)

AssetImportParameters requested are different than current active one (requested -> active):
  custom:graphics/normal-map-encoding: 01000000000000000000000000000000 -> 02000000000000000000000000000000
========================================================================
Received Import Request.
  Time since last request: 34,430004 seconds.
  path: Assets/Scripts/Turret/GameObject/TurretScriptable/Turret.cs
  artifactKey: Guid(479dc7ea265c8c44897f40e552ca1f11) Importer(815301076,1909f56bfc062723c751e8b465ee728b)
Start importing Assets/Scripts/Turret/GameObject/TurretScriptable/Turret.cs using Guid(479dc7ea265c8c44897f40e552ca1f11) Importer(815301076,1909f56bfc062723c751e8b465ee728b)  -> (artifact id: 'dc6bffd89ee3ea2b597a047921d02d59') in 0,008066 seconds
  Import took 0,017906 seconds .

========================================================================
Received Import Request.
  Time since last request: 144,752074 seconds.
  path: Assets/Scripts/MainMenu
  artifactKey: Guid(f4f754fb29911a0438d89eabf508486f) Importer(815301076,1909f56bfc062723c751e8b465ee728b)
Start importing Assets/Scripts/MainMenu using Guid(f4f754fb29911a0438d89eabf508486f) Importer(815301076,1909f56bfc062723c751e8b465ee728b)  -> (artifact id: 'e3df139fe24d59b371038a7b5c881cd7') in 0,001287 seconds
  Import took 0,009138 seconds .

========================================================================
Received Import Request.
  Time since last request: 3,715156 seconds.
  path: Assets/GameProgress
  artifactKey: Guid(1c5d5bb59b7c4624aadf67b0c9159b06) Importer(815301076,1909f56bfc062723c751e8b465ee728b)
Start importing Assets/GameProgress using Guid(1c5d5bb59b7c4624aadf67b0c9159b06) Importer(815301076,1909f56bfc062723c751e8b465ee728b)  -> (artifact id: '2267adb8536102c83a7d76cf71ae5c05') in 0,001673 seconds
  Import took 0,009963 seconds .

========================================================================
Received Import Request.
  Time since last request: 0,057926 seconds.
  path: Assets/GameProgress/AutoTurret.asset
  artifactKey: Guid(b9a4dac9fd0ddb5b8a07d590f0e5ab53) Importer(815301076,1909f56bfc062723c751e8b465ee728b)
Start importing Assets/GameProgress/AutoTurret.asset using Guid(b9a4dac9fd0ddb5b8a07d590f0e5ab53) Importer(815301076,1909f56bfc062723c751e8b465ee728b)  -> (artifact id: 'c72802498d7fff436e9f153c056b133e') in 0,075873 seconds
  Import took 0,088976 seconds .

========================================================================
Received Import Request.
  Time since last request: 0,000208 seconds.
  path: Assets/GameProgress/MinigunUpgrade.asset
  artifactKey: Guid(4b68816cefb8c194b851a49920cc0116) Importer(815301076,1909f56bfc062723c751e8b465ee728b)
Start importing Assets/GameProgress/MinigunUpgrade.asset using Guid(4b68816cefb8c194b851a49920cc0116) Importer(815301076,1909f56bfc062723c751e8b465ee728b)  -> (artifact id: '45ac29ed63cee39c59c042f0f615ead7') in 0,124556 seconds
  Import took 0,135084 seconds .

========================================================================
Received Import Request.
  Time since last request: 0,000548 seconds.
  path: Assets/GameProgress/QuadUpgrade.asset
  artifactKey: Guid(bd7e35065298f03718cb1ed5ab2e683d) Importer(815301076,1909f56bfc062723c751e8b465ee728b)
Start importing Assets/GameProgress/QuadUpgrade.asset using Guid(bd7e35065298f03718cb1ed5ab2e683d) Importer(815301076,1909f56bfc062723c751e8b465ee728b)  -> (artifact id: 'a2cbd8dd07315270f396e3de03d36dcd') in 0,014498 seconds
  Import took 0,024036 seconds .

========================================================================
Received Import Request.
  Time since last request: 0,000262 seconds.
  path: Assets/GameProgress/SingleBarrelUpgrade.asset
  artifactKey: Guid(9e2d521ba8243cb47bf9af1677be6960) Importer(815301076,1909f56bfc062723c751e8b465ee728b)
Start importing Assets/GameProgress/SingleBarrelUpgrade.asset using Guid(9e2d521ba8243cb47bf9af1677be6960) Importer(815301076,1909f56bfc062723c751e8b465ee728b)  -> (artifact id: '7858e0b650d551f308284a2111b3b624') in 0,043832 seconds
  Import took 0,058144 seconds .

========================================================================
Received Import Request.
  Time since last request: 0,000020 seconds.
  path: Assets/GameProgress/AutoTurret.asset
  artifactKey: Guid(b9a4dac9fd0ddb5b8a07d590f0e5ab53) Importer(815301076,1909f56bfc062723c751e8b465ee728b)
Start importing Assets/GameProgress/AutoTurret.asset using Guid(b9a4dac9fd0ddb5b8a07d590f0e5ab53) Importer(815301076,1909f56bfc062723c751e8b465ee728b)  -> (artifact id: 'c72802498d7fff436e9f153c056b133e') in 0,008890 seconds
  Import took 0,019312 seconds .

========================================================================
Received Import Request.
  Time since last request: 0,000021 seconds.
  path: Assets/GameProgress/orbital.asset
  artifactKey: Guid(c717d7f8cfd09ed159ba5446cf6b229b) Importer(815301076,1909f56bfc062723c751e8b465ee728b)
Start importing Assets/GameProgress/orbital.asset using Guid(c717d7f8cfd09ed159ba5446cf6b229b) Importer(815301076,1909f56bfc062723c751e8b465ee728b)  -> (artifact id: 'cc85428c826f1bb5210543d3fae6de21') in 0,024136 seconds
  Import took 0,035212 seconds .

========================================================================
Received Import Request.
  Time since last request: 0,000022 seconds.
  path: Assets/GameProgress/SniperUpgrade.asset
  artifactKey: Guid(4472a936c5901884390957bb2a030cae) Importer(815301076,1909f56bfc062723c751e8b465ee728b)
Start importing Assets/GameProgress/SniperUpgrade.asset using Guid(4472a936c5901884390957bb2a030cae) Importer(815301076,1909f56bfc062723c751e8b465ee728b)  -> (artifact id: '4fe604bfa996441945898e4ede503dcb') in 0,040954 seconds
  Import took 0,051956 seconds .

========================================================================
Received Import Request.
  Time since last request: 0,000019 seconds.
  path: Assets/GameProgress/Hex.asset
  artifactKey: Guid(e5b48cc3ad4e7a234a4a8c4b0a01f8eb) Importer(815301076,1909f56bfc062723c751e8b465ee728b)
Start importing Assets/GameProgress/Hex.asset using Guid(e5b48cc3ad4e7a234a4a8c4b0a01f8eb) Importer(815301076,1909f56bfc062723c751e8b465ee728b)  -> (artifact id: '57d694d4b5f6aaf3a029ca200adf30e5') in 0,014257 seconds
  Import took 0,024976 seconds .

========================================================================
Received Import Request.
  Time since last request: 0,000019 seconds.
  path: Assets/GameProgress/TrippleBarrelTurret.asset
  artifactKey: Guid(c63c2796ed526f9f98d882ee4b4ae43d) Importer(815301076,1909f56bfc062723c751e8b465ee728b)
Start importing Assets/GameProgress/TrippleBarrelTurret.asset using Guid(c63c2796ed526f9f98d882ee4b4ae43d) Importer(815301076,1909f56bfc062723c751e8b465ee728b)  -> (artifact id: '79d52ba2fd8bd3d8018f36349c013ba3') in 0,011145 seconds
  Import took 0,022605 seconds .

========================================================================
Received Import Request.
  Time since last request: 0,000257 seconds.
  path: Assets/GameProgress/railgun.asset
  artifactKey: Guid(f133a4fca836bbee18f23fa436fef646) Importer(815301076,1909f56bfc062723c751e8b465ee728b)
Start importing Assets/GameProgress/railgun.asset using Guid(f133a4fca836bbee18f23fa436fef646) Importer(815301076,1909f56bfc062723c751e8b465ee728b)  -> (artifact id: '8c71cb7acce76d1f38aaa36f1d010e72') in 0,044664 seconds
  Import took 0,056818 seconds .

========================================================================
Received Import Request.
  Time since last request: 0,000262 seconds.
  path: Assets/GameProgress/GameStats.asset
  artifactKey: Guid(64a0b96cdd9cd0a4ab0bc5a6acb102fc) Importer(815301076,1909f56bfc062723c751e8b465ee728b)
Start importing Assets/GameProgress/GameStats.asset using Guid(64a0b96cdd9cd0a4ab0bc5a6acb102fc) Importer(815301076,1909f56bfc062723c751e8b465ee728b)  -> (artifact id: 'd7facc47088d63d72e273c8b6aae126d') in 0,123641 seconds
  Import took 0,146680 seconds .

========================================================================
Received Import Request.
  Time since last request: 0,000208 seconds.
  path: Assets/GameProgress/DoubleBarrelUpgrade.asset
  artifactKey: Guid(3c1598630f6d953488b0ea56eb33d027) Importer(815301076,1909f56bfc062723c751e8b465ee728b)
Start importing Assets/GameProgress/DoubleBarrelUpgrade.asset using Guid(3c1598630f6d953488b0ea56eb33d027) Importer(815301076,1909f56bfc062723c751e8b465ee728b)  -> (artifact id: '812ce7d9d2547b18dbe85efa08b2630b') in 0,020462 seconds
  Import took 0,032930 seconds .

========================================================================
Received Import Request.
  Time since last request: 0,000276 seconds.
  path: Assets/GameProgress/laser.asset
  artifactKey: Guid(df29a86279e847b13a701b158a803ebf) Importer(815301076,1909f56bfc062723c751e8b465ee728b)
Start importing Assets/GameProgress/laser.asset using Guid(df29a86279e847b13a701b158a803ebf) Importer(815301076,1909f56bfc062723c751e8b465ee728b)  -> (artifact id: '73a11363ea5b0eee0ba86f370bd58eb7') in 0,011705 seconds
  Import took 0,023069 seconds .

========================================================================
Received Import Request.
  Time since last request: 5,912786 seconds.
  path: Assets/GameProgress/autoLaser.asset
  artifactKey: Guid(d58a56c7bc4cea8d99297239d7b90ac6) Importer(815301076,1909f56bfc062723c751e8b465ee728b)
Start importing Assets/GameProgress/autoLaser.asset using Guid(d58a56c7bc4cea8d99297239d7b90ac6) Importer(815301076,1909f56bfc062723c751e8b465ee728b)  -> (artifact id: 'cfe3a25d51f83ca54e97e81896f12db9') in 0,003373 seconds
  Import took 0,010164 seconds .

========================================================================
Received Import Request.
  Time since last request: 0,016269 seconds.
  path: Assets/GameProgress/autoLaser.asset
  artifactKey: Guid(d58a56c7bc4cea8d99297239d7b90ac6) Importer(815301076,1909f56bfc062723c751e8b465ee728b)
Start importing Assets/GameProgress/autoLaser.asset using Guid(d58a56c7bc4cea8d99297239d7b90ac6) Importer(815301076,1909f56bfc062723c751e8b465ee728b)  -> (artifact id: 'cfe3a25d51f83ca54e97e81896f12db9') in 0,002151 seconds
  Import took 0,009683 seconds .

========================================================================
Received Import Request.
  Time since last request: 72,647211 seconds.
  path: Assets/GameProgress/GameStats.cs
  artifactKey: Guid(0633b9bbd87483e429b1037db67b63f7) Importer(815301076,1909f56bfc062723c751e8b465ee728b)
Start importing Assets/GameProgress/GameStats.cs using Guid(0633b9bbd87483e429b1037db67b63f7) Importer(815301076,1909f56bfc062723c751e8b465ee728b)  -> (artifact id: 'c03619f926046c955934f6331a60483b') in 0,001456 seconds
  Import took 0,012157 seconds .

========================================================================
Received Import Request.
  Time since last request: 0,004912 seconds.
  path: Assets/GameProgress/GameStats.cs
  artifactKey: Guid(0633b9bbd87483e429b1037db67b63f7) Importer(815301076,1909f56bfc062723c751e8b465ee728b)
Start importing Assets/GameProgress/GameStats.cs using Guid(0633b9bbd87483e429b1037db67b63f7) Importer(815301076,1909f56bfc062723c751e8b465ee728b)  -> (artifact id: 'c03619f926046c955934f6331a60483b') in 0,001337 seconds
  Import took 0,010824 seconds .

========================================================================
Received Import Request.
  Time since last request: 328,616784 seconds.
  path: Assets/Scripts/DontDestroyOnLoad.cs
  artifactKey: Guid(1b3f3dea144bd6c4c8ad3f77e3d4a31e) Importer(815301076,1909f56bfc062723c751e8b465ee728b)
Start importing Assets/Scripts/DontDestroyOnLoad.cs using Guid(1b3f3dea144bd6c4c8ad3f77e3d4a31e) Importer(815301076,1909f56bfc062723c751e8b465ee728b)  -> (artifact id: 'b2998c0787b7950ac33216d42cf063c8') in 0,001289 seconds
  Import took 0,008127 seconds .

========================================================================
Received Import Request.
  Time since last request: 0,001167 seconds.
  path: Assets/Scripts/DontDestroyOnLoad.cs
  artifactKey: Guid(1b3f3dea144bd6c4c8ad3f77e3d4a31e) Importer(815301076,1909f56bfc062723c751e8b465ee728b)
Start importing Assets/Scripts/DontDestroyOnLoad.cs using Guid(1b3f3dea144bd6c4c8ad3f77e3d4a31e) Importer(815301076,1909f56bfc062723c751e8b465ee728b)  -> (artifact id: 'b2998c0787b7950ac33216d42cf063c8') in 0,001858 seconds
  Import took 0,009983 seconds .

========================================================================
Received Import Request.
  Time since last request: 0,493347 seconds.
  path: Assets/Scripts/CameraPoint.cs
  artifactKey: Guid(aa060acbe1dc99e44a923390418399bd) Importer(815301076,1909f56bfc062723c751e8b465ee728b)
Start importing Assets/Scripts/CameraPoint.cs using Guid(aa060acbe1dc99e44a923390418399bd) Importer(815301076,1909f56bfc062723c751e8b465ee728b)  -> (artifact id: '6f1af6d184a0453cf62e9a9f80064379') in 0,000999 seconds
  Import took 0,007233 seconds .

========================================================================
Received Import Request.
  Time since last request: 0,000763 seconds.
  path: Assets/Scripts/CameraPoint.cs
  artifactKey: Guid(aa060acbe1dc99e44a923390418399bd) Importer(815301076,1909f56bfc062723c751e8b465ee728b)
Start importing Assets/Scripts/CameraPoint.cs using Guid(aa060acbe1dc99e44a923390418399bd) Importer(815301076,1909f56bfc062723c751e8b465ee728b)  -> (artifact id: '6f1af6d184a0453cf62e9a9f80064379') in 0,001353 seconds
  Import took 0,009784 seconds .

========================================================================
Received Import Request.
  Time since last request: 19,671135 seconds.
  path: Assets/Scripts/PoolsManager.cs
  artifactKey: Guid(fc1822db85267674898869c22caff42d) Importer(815301076,1909f56bfc062723c751e8b465ee728b)
Start importing Assets/Scripts/PoolsManager.cs using Guid(fc1822db85267674898869c22caff42d) Importer(815301076,1909f56bfc062723c751e8b465ee728b)  -> (artifact id: 'd14ff519e8d218df0066bed31b32abb1') in 0,001383 seconds
  Import took 0,009118 seconds .

========================================================================
Received Import Request.
  Time since last request: 0,004764 seconds.
  path: Assets/Scripts/PoolsManager.cs
  artifactKey: Guid(fc1822db85267674898869c22caff42d) Importer(815301076,1909f56bfc062723c751e8b465ee728b)
Start importing Assets/Scripts/PoolsManager.cs using Guid(fc1822db85267674898869c22caff42d) Importer(815301076,1909f56bfc062723c751e8b465ee728b)  -> (artifact id: 'd14ff519e8d218df0066bed31b32abb1') in 0,001677 seconds
  Import took 0,011102 seconds .

========================================================================
Received Import Request.
  Time since last request: 51,978585 seconds.
  path: Assets/Scenes/Main.unity
  artifactKey: Guid(eb16a113f39237149a19f2d7c489ef70) Importer(815301076,1909f56bfc062723c751e8b465ee728b)
Start importing Assets/Scenes/Main.unity using Guid(eb16a113f39237149a19f2d7c489ef70) Importer(815301076,1909f56bfc062723c751e8b465ee728b)  -> (artifact id: '3d9d28bd2a80bfa48da5ca9a08d7bf08') in 0,002471 seconds
  Import took 0,009844 seconds .

========================================================================
Received Import Request.
  Time since last request: 140,117113 seconds.
  path: Assets/Prefabs
  artifactKey: Guid(6cf82e5718ca14f4fa018d4ba6b89d44) Importer(815301076,1909f56bfc062723c751e8b465ee728b)
Start importing Assets/Prefabs using Guid(6cf82e5718ca14f4fa018d4ba6b89d44) Importer(815301076,1909f56bfc062723c751e8b465ee728b)  -> (artifact id: 'f681bf6203999d24a4a638ad0bed768f') in 0,002728 seconds
  Import took 0,010385 seconds .

========================================================================
Received Import Request.
  Time since last request: 0,002371 seconds.
  path: Assets/Prefabs
  artifactKey: Guid(6cf82e5718ca14f4fa018d4ba6b89d44) Importer(815301076,1909f56bfc062723c751e8b465ee728b)
Start importing Assets/Prefabs using Guid(6cf82e5718ca14f4fa018d4ba6b89d44) Importer(815301076,1909f56bfc062723c751e8b465ee728b)  -> (artifact id: 'f681bf6203999d24a4a638ad0bed768f') in 0,001379 seconds
  Import took 0,007715 seconds .

========================================================================
Received Import Request.
  Time since last request: 0,126103 seconds.
  path: Assets/Prefabs/boxfractured.fbx
  artifactKey: Guid(c890d67742088ff44b3c6c147776410c) Importer(815301076,1909f56bfc062723c751e8b465ee728b)
Start importing Assets/Prefabs/boxfractured.fbx using Guid(c890d67742088ff44b3c6c147776410c) Importer(815301076,1909f56bfc062723c751e8b465ee728b)  -> (artifact id: '40f27e934d02e498258f2bf15ac3b0f1') in 0,902943 seconds
  Import took 0,913549 seconds .

========================================================================
Received Import Request.
  Time since last request: 0,004462 seconds.
  path: Assets/Prefabs/OptionsBtn.prefab
  artifactKey: Guid(81674f17b2428c649ac50491e3e8d62b) Importer(815301076,1909f56bfc062723c751e8b465ee728b)
Start importing Assets/Prefabs/OptionsBtn.prefab using Guid(81674f17b2428c649ac50491e3e8d62b) Importer(815301076,1909f56bfc062723c751e8b465ee728b)  -> (artifact id: '1dc28b2b0bf7634b9476b3feb97a34a7') in 0,042459 seconds
  Import took 0,050463 seconds .

========================================================================
Received Import Request.
  Time since last request: 0,000278 seconds.
  path: Assets/Prefabs/boxfractured.fbx
  artifactKey: Guid(c890d67742088ff44b3c6c147776410c) Importer(815301076,1909f56bfc062723c751e8b465ee728b)
Start importing Assets/Prefabs/boxfractured.fbx using Guid(c890d67742088ff44b3c6c147776410c) Importer(815301076,1909f56bfc062723c751e8b465ee728b)  -> (artifact id: '40f27e934d02e498258f2bf15ac3b0f1') in 0,161098 seconds
  Import took 0,167488 seconds .

========================================================================
Received Import Request.
  Time since last request: 0,000308 seconds.
  path: Assets/Prefabs/GameManager.prefab
  artifactKey: Guid(76d3dcb7c56e0f24c978960ba4c63695) Importer(815301076,1909f56bfc062723c751e8b465ee728b)
Start importing Assets/Prefabs/GameManager.prefab using Guid(76d3dcb7c56e0f24c978960ba4c63695) Importer(815301076,1909f56bfc062723c751e8b465ee728b)  -> (artifact id: '2fbd463d99850715642e866d8a637e38') in 0,046096 seconds
  Import took 0,056024 seconds .

========================================================================
Received Import Request.
  Time since last request: 0,000340 seconds.
  path: Assets/Prefabs/Main Camera.prefab
  artifactKey: Guid(2950d71260ff49b4d8281b89ac92d546) Importer(815301076,1909f56bfc062723c751e8b465ee728b)
Start importing Assets/Prefabs/Main Camera.prefab using Guid(2950d71260ff49b4d8281b89ac92d546) Importer(815301076,1909f56bfc062723c751e8b465ee728b)  -> (artifact id: '9e3e0f512ba0e3d9f3af1a0280375dae') in 0,009329 seconds
  Import took 0,019672 seconds .

========================================================================
Received Import Request.
  Time since last request: 0,000322 seconds.
  path: Assets/Prefabs/Enemy.prefab
  artifactKey: Guid(43c2e8f94eef5544082bededa6633eee) Importer(815301076,1909f56bfc062723c751e8b465ee728b)
Start importing Assets/Prefabs/Enemy.prefab using Guid(43c2e8f94eef5544082bededa6633eee) Importer(815301076,1909f56bfc062723c751e8b465ee728b)  -> (artifact id: 'ad2ea4aeb54c8abb050dc7395325815d') in 0,040922 seconds
  Import took 0,050626 seconds .

========================================================================
Received Import Request.
  Time since last request: 0,000439 seconds.
  path: Assets/Prefabs/Selected.prefab
  artifactKey: Guid(f4a17a7bc0251d2589f567fb18791f52) Importer(815301076,1909f56bfc062723c751e8b465ee728b)
Start importing Assets/Prefabs/Selected.prefab using Guid(f4a17a7bc0251d2589f567fb18791f52) Importer(815301076,1909f56bfc062723c751e8b465ee728b)  -> (artifact id: '96a58871141bb56dc20fa7d856af282d') in 0,020691 seconds
  Import took 0,030591 seconds .

========================================================================
Received Import Request.
  Time since last request: 0,117321 seconds.
  path: Assets/Prefabs/Turrets/AutoLaser.prefab
  artifactKey: Guid(bb513398c68ad2e5092fee7d5dea8f6c) Importer(815301076,1909f56bfc062723c751e8b465ee728b)
Start importing Assets/Prefabs/Turrets/AutoLaser.prefab using Guid(bb513398c68ad2e5092fee7d5dea8f6c) Importer(815301076,1909f56bfc062723c751e8b465ee728b)  -> (artifact id: '6667ec52d907533cffd6333b7f779f07') in 0,098514 seconds
  Import took 0,108632 seconds .

========================================================================
Received Import Request.
  Time since last request: 0,000398 seconds.
  path: Assets/Prefabs/Turrets/TinyTurret.prefab
  artifactKey: Guid(8dfcd6025f8f56d01a462a783824c197) Importer(815301076,1909f56bfc062723c751e8b465ee728b)
Start importing Assets/Prefabs/Turrets/TinyTurret.prefab using Guid(8dfcd6025f8f56d01a462a783824c197) Importer(815301076,1909f56bfc062723c751e8b465ee728b)  -> (artifact id: 'a731058283a1861f641a7ef59c6f6324') in 0,058817 seconds
  Import took 0,067296 seconds .

========================================================================
Received Import Request.
  Time since last request: 0,000332 seconds.
  path: Assets/Prefabs/Turrets/Turret.prefab
  artifactKey: Guid(4390a3243bc9290408c605441f51d4e5) Importer(815301076,1909f56bfc062723c751e8b465ee728b)
Start importing Assets/Prefabs/Turrets/Turret.prefab using Guid(4390a3243bc9290408c605441f51d4e5) Importer(815301076,1909f56bfc062723c751e8b465ee728b)  -> (artifact id: '5d039f1286e8a39d5c79516cf5efdfe2') in 0,077410 seconds
  Import took 0,090411 seconds .

========================================================================
Received Import Request.
  Time since last request: 0,000367 seconds.
  path: Assets/Prefabs/Turrets/OrbitalTurret.prefab
  artifactKey: Guid(638d9040efaeb4ad1b0c51ce24ff88ba) Importer(815301076,1909f56bfc062723c751e8b465ee728b)
Start importing Assets/Prefabs/Turrets/OrbitalTurret.prefab using Guid(638d9040efaeb4ad1b0c51ce24ff88ba) Importer(815301076,1909f56bfc062723c751e8b465ee728b)  -> (artifact id: '5d325eea7829941d7b55beae46cfc3cb') in 0,065981 seconds
  Import took 0,075174 seconds .

========================================================================
Received Import Request.
  Time since last request: 0,000319 seconds.
  path: Assets/Prefabs/Turrets/AutoTurret.prefab
  artifactKey: Guid(0425f7e93b0d30d9389567340e82203c) Importer(815301076,1909f56bfc062723c751e8b465ee728b)
Start importing Assets/Prefabs/Turrets/AutoTurret.prefab using Guid(0425f7e93b0d30d9389567340e82203c) Importer(815301076,1909f56bfc062723c751e8b465ee728b)  -> (artifact id: '0357d5ceb8df4798de7afaaad44164f1') in 0,062493 seconds
  Import took 0,072840 seconds .

========================================================================
Received Import Request.
  Time since last request: 0,000310 seconds.
  path: Assets/Prefabs/Turrets/SniperTurret.prefab
  artifactKey: Guid(d7df4054352e7484ab98701382c4d287) Importer(815301076,1909f56bfc062723c751e8b465ee728b)
Start importing Assets/Prefabs/Turrets/SniperTurret.prefab using Guid(d7df4054352e7484ab98701382c4d287) Importer(815301076,1909f56bfc062723c751e8b465ee728b)  -> (artifact id: '7430d8b07f00324081a123859e32984d') in 0,088160 seconds
  Import took 0,098432 seconds .

========================================================================
Received Import Request.
  Time since last request: 0,000320 seconds.
  path: Assets/Prefabs/Turrets/LaserTurretUpgrade.asset
  artifactKey: Guid(49ee316958aa37647ad7fa4d107b25d6) Importer(815301076,1909f56bfc062723c751e8b465ee728b)
Start importing Assets/Prefabs/Turrets/LaserTurretUpgrade.asset using Guid(49ee316958aa37647ad7fa4d107b25d6) Importer(815301076,1909f56bfc062723c751e8b465ee728b)  -> (artifact id: '1e4fd741d2c5ad1accfa857d4dd9d6e4') in 0,012265 seconds
  Import took 0,023985 seconds .

========================================================================
Received Import Request.
  Time since last request: 0,000229 seconds.
  path: Assets/Prefabs/Turrets/DoubleBarrelTurret.prefab
  artifactKey: Guid(7dc4354b86b7b62459acb1e276407399) Importer(815301076,1909f56bfc062723c751e8b465ee728b)
Start importing Assets/Prefabs/Turrets/DoubleBarrelTurret.prefab using Guid(7dc4354b86b7b62459acb1e276407399) Importer(815301076,1909f56bfc062723c751e8b465ee728b)  -> (artifact id: 'dd0c79dfd7cbd4cc58d558d844940bb8') in 0,073243 seconds
  Import took 0,085573 seconds .

========================================================================
Received Import Request.
  Time since last request: 0,001622 seconds.
  path: Assets/Prefabs/Turrets/HexTurret.prefab
  artifactKey: Guid(29797f6a5b196e72eb44d0b28cf0c642) Importer(815301076,1909f56bfc062723c751e8b465ee728b)
Start importing Assets/Prefabs/Turrets/HexTurret.prefab using Guid(29797f6a5b196e72eb44d0b28cf0c642) Importer(815301076,1909f56bfc062723c751e8b465ee728b)  -> (artifact id: '96f47736d9ed1ad969de862d9b527285') in 0,069452 seconds
  Import took 0,079908 seconds .

========================================================================
Received Import Request.
  Time since last request: 0,000337 seconds.
  path: Assets/Prefabs/Turrets/MinigunUpgrade.asset
  artifactKey: Guid(5810e704b78c23345af31ef0f202346f) Importer(815301076,1909f56bfc062723c751e8b465ee728b)
Start importing Assets/Prefabs/Turrets/MinigunUpgrade.asset using Guid(5810e704b78c23345af31ef0f202346f) Importer(815301076,1909f56bfc062723c751e8b465ee728b)  -> (artifact id: 'fed5fae8eff4a446839d8eb711200cd5') in 0,038703 seconds
  Import took 0,049626 seconds .

========================================================================
Received Import Request.
  Time since last request: 0,000313 seconds.
  path: Assets/Prefabs/Turrets/QuadrupleTurret.prefab
  artifactKey: Guid(6600c174d06e889a0a6d394f6b8b57dd) Importer(815301076,1909f56bfc062723c751e8b465ee728b)
Start importing Assets/Prefabs/Turrets/QuadrupleTurret.prefab using Guid(6600c174d06e889a0a6d394f6b8b57dd) Importer(815301076,1909f56bfc062723c751e8b465ee728b)  -> (artifact id: 'c6a426b55a1862e18ff4bdd418b61486') in 0,062127 seconds
  Import took 0,073124 seconds .

========================================================================
Received Import Request.
  Time since last request: 0,000470 seconds.
  path: Assets/Prefabs/Turrets/TrippleUpgrade.asset
  artifactKey: Guid(c23fea02fbfe6d476872a9d69cb35c2c) Importer(815301076,1909f56bfc062723c751e8b465ee728b)
Start importing Assets/Prefabs/Turrets/TrippleUpgrade.asset using Guid(c23fea02fbfe6d476872a9d69cb35c2c) Importer(815301076,1909f56bfc062723c751e8b465ee728b)  -> (artifact id: 'd00840b7af239f68ae61e4b5393eb742') in 0,008991 seconds
  Import took 0,018074 seconds .

========================================================================
Received Import Request.
  Time since last request: 0,000303 seconds.
  path: Assets/Prefabs/Turrets/AutoLaserUpgrade.asset
  artifactKey: Guid(8fab8a39bd7c23edfaadc1c7a8d3a5ac) Importer(815301076,1909f56bfc062723c751e8b465ee728b)
Start importing Assets/Prefabs/Turrets/AutoLaserUpgrade.asset using Guid(8fab8a39bd7c23edfaadc1c7a8d3a5ac) Importer(815301076,1909f56bfc062723c751e8b465ee728b)  -> (artifact id: '5c96bf78840a94ea3f197d08e779a6e3') in 0,010693 seconds
  Import took 0,020632 seconds .

========================================================================
Received Import Request.
  Time since last request: 0,000377 seconds.
  path: Assets/Prefabs/Turrets/AutoTurretUpgrade.asset
  artifactKey: Guid(f805c2688d1a898218997133f1ab4d42) Importer(815301076,1909f56bfc062723c751e8b465ee728b)
Start importing Assets/Prefabs/Turrets/AutoTurretUpgrade.asset using Guid(f805c2688d1a898218997133f1ab4d42) Importer(815301076,1909f56bfc062723c751e8b465ee728b)  -> (artifact id: 'a240c267c3e3af0e17b28b5b55a01195') in 0,009098 seconds
  Import took 0,017846 seconds .

========================================================================
Received Import Request.
  Time since last request: 0,000268 seconds.
  path: Assets/Prefabs/Turrets/RailgunUpgrade.asset
  artifactKey: Guid(580ab6a91b90070d3b3f3ad77843e7d8) Importer(815301076,1909f56bfc062723c751e8b465ee728b)
Start importing Assets/Prefabs/Turrets/RailgunUpgrade.asset using Guid(580ab6a91b90070d3b3f3ad77843e7d8) Importer(815301076,1909f56bfc062723c751e8b465ee728b)  -> (artifact id: 'e619dd0da498a4cd8ea087177b3099b2') in 0,034844 seconds
  Import took 0,043824 seconds .

========================================================================
Received Import Request.
  Time since last request: 0,000275 seconds.
  path: Assets/Prefabs/Turrets/TrippleBarrelTurret.prefab
  artifactKey: Guid(caac3488bffc74b51b647c84dec9aedc) Importer(815301076,1909f56bfc062723c751e8b465ee728b)
Start importing Assets/Prefabs/Turrets/TrippleBarrelTurret.prefab using Guid(caac3488bffc74b51b647c84dec9aedc) Importer(815301076,1909f56bfc062723c751e8b465ee728b)  -> (artifact id: '910f786876823a6a71515469e5576a89') in 0,073362 seconds
  Import took 0,085033 seconds .

========================================================================
Received Import Request.
  Time since last request: 0,000360 seconds.
  path: Assets/Prefabs/Turrets
  artifactKey: Guid(52d64f242d7388f42a42b17dd3145680) Importer(815301076,1909f56bfc062723c751e8b465ee728b)
Start importing Assets/Prefabs/Turrets using Guid(52d64f242d7388f42a42b17dd3145680) Importer(815301076,1909f56bfc062723c751e8b465ee728b)  -> (artifact id: 'a7c31071eba069cbadd4fa33a30095f5') in 0,001559 seconds
  Import took 0,010958 seconds .

========================================================================
Received Import Request.
  Time since last request: 0,000743 seconds.
  path: Assets/Prefabs/Turrets/QuadrupleUpgrade.asset
  artifactKey: Guid(58650d64378d68360be8ff278f0a8254) Importer(815301076,1909f56bfc062723c751e8b465ee728b)
Start importing Assets/Prefabs/Turrets/QuadrupleUpgrade.asset using Guid(58650d64378d68360be8ff278f0a8254) Importer(815301076,1909f56bfc062723c751e8b465ee728b)  -> (artifact id: '0a96010dd4aedbfa0f19efd8da5ca85a') in 0,011837 seconds
  Import took 0,022307 seconds .

========================================================================
Received Import Request.
  Time since last request: 0,000297 seconds.
  path: Assets/Prefabs/Turrets/MinigunTurret.prefab
  artifactKey: Guid(753803130d7f6674e89d7de24e00632f) Importer(815301076,1909f56bfc062723c751e8b465ee728b)
Start importing Assets/Prefabs/Turrets/MinigunTurret.prefab using Guid(753803130d7f6674e89d7de24e00632f) Importer(815301076,1909f56bfc062723c751e8b465ee728b)  -> (artifact id: '1d41e29b0c0e2395042330915f104f71') in 0,101014 seconds
  Import took 0,110882 seconds .

========================================================================
Received Import Request.
  Time since last request: 0,000308 seconds.
  path: Assets/Prefabs/Turrets/DoubleBarrelUpgrade.asset
  artifactKey: Guid(b6f78018f67ff984ea9b7a7206b2f907) Importer(815301076,1909f56bfc062723c751e8b465ee728b)
Start importing Assets/Prefabs/Turrets/DoubleBarrelUpgrade.asset using Guid(b6f78018f67ff984ea9b7a7206b2f907) Importer(815301076,1909f56bfc062723c751e8b465ee728b)  -> (artifact id: '138f91eda1f9a41ec0e79a80392430f0') in 0,019994 seconds
  Import took 0,031827 seconds .

========================================================================
Received Import Request.
  Time since last request: 0,000915 seconds.
  path: Assets/Prefabs/Turrets/TurretLaser.prefab
  artifactKey: Guid(e271eab24d2c45d4189551111fab7bb9) Importer(815301076,1909f56bfc062723c751e8b465ee728b)
Start importing Assets/Prefabs/Turrets/TurretLaser.prefab using Guid(e271eab24d2c45d4189551111fab7bb9) Importer(815301076,1909f56bfc062723c751e8b465ee728b)  -> (artifact id: '0176a683acfb35f6729752cc7ecb91dd') in 0,068897 seconds
  Import took 0,079757 seconds .

========================================================================
Received Import Request.
  Time since last request: 0,000374 seconds.
  path: Assets/Prefabs/Turrets/RailgunTurret.prefab
  artifactKey: Guid(b3e2dc4e69c0c735fae18dbc8101253e) Importer(815301076,1909f56bfc062723c751e8b465ee728b)
Start importing Assets/Prefabs/Turrets/RailgunTurret.prefab using Guid(b3e2dc4e69c0c735fae18dbc8101253e) Importer(815301076,1909f56bfc062723c751e8b465ee728b)  -> (artifact id: '286881a3fcf1ba380597c34f46ce106a') in 0,090200 seconds
  Import took 0,101562 seconds .

========================================================================
Received Import Request.
  Time since last request: 24,991278 seconds.
  path: Assets/Materials/RailgunEffectMaterial.mat
  artifactKey: Guid(e17aedcba1796aa44bb1c845da6e1c7d) Importer(815301076,1909f56bfc062723c751e8b465ee728b)
Start importing Assets/Materials/RailgunEffectMaterial.mat using Guid(e17aedcba1796aa44bb1c845da6e1c7d) Importer(815301076,1909f56bfc062723c751e8b465ee728b)  -> (artifact id: '240d1f939817e84bf2b74be3deb0e056') in 0,013329 seconds
  Import took 0,022603 seconds .

========================================================================
Received Prepare
Registering precompiled user dll's ...
Registered in 0,001695 seconds.
Begin MonoManager ReloadAssembly
Native extension for LinuxStandalone target not found
Refreshing native plugins compatible for Editor in 0,80 ms, found 0 plugins.
Preloading 0 native plugins for Editor in 0,00 ms.
Mono: successfully reloaded assembly
- Completed reload, in  1,915 seconds
Platform modules already initialized, skipping
Switching build target platform(24) subTarget(0) extendedPlatform(0) -> platform(13) subTarget(589824) extendedPlatform(0)
Shader 'Universal Render Pipeline/Particles/Lit': fallback shader 'Universal Render Pipeline/Particles/SimpleLit' not found
Refreshing native plugins compatible for Editor in 1,27 ms, found 0 plugins.
Preloading 0 native plugins for Editor in 0,00 ms.
Unloading 2633 Unused Serialized files (Serialized files now loaded: 0)
System memory in use before: 116,4 MB.
System memory in use after: 115,6 MB.

Unloading 44 unused Assets to reduce memory usage. Loaded Objects now: 3232.
Total: 8,570086 ms (FindLiveObjects: 0,923833 ms CreateObjectMapping: 0,395969 ms MarkObjects: 5,663037 ms  DeleteObjects: 1,583223 ms)

AssetImportParameters requested are different than current active one (requested -> active):
  custom:graphics/normal-map-encoding: 01000000000000000000000000000000 -> 02000000000000000000000000000000
========================================================================
Received Import Request.
  Time since last request: 77,019389 seconds.
  path: Assets/Particles
  artifactKey: Guid(ae0270debb102ef439cdca8cf5c0aa81) Importer(815301076,1909f56bfc062723c751e8b465ee728b)
Start importing Assets/Particles using Guid(ae0270debb102ef439cdca8cf5c0aa81) Importer(815301076,1909f56bfc062723c751e8b465ee728b)  -> (artifact id: '863ee7a1402bd269a4fecf2f8f99ec68') in 0,006027 seconds
  Import took 0,014759 seconds .

========================================================================
Received Import Request.
  Time since last request: 0,031153 seconds.
  path: Assets/Particles
  artifactKey: Guid(ae0270debb102ef439cdca8cf5c0aa81) Importer(815301076,1909f56bfc062723c751e8b465ee728b)
Start importing Assets/Particles using Guid(ae0270debb102ef439cdca8cf5c0aa81) Importer(815301076,1909f56bfc062723c751e8b465ee728b)  -> (artifact id: '863ee7a1402bd269a4fecf2f8f99ec68') in 0,001859 seconds
  Import took 0,011233 seconds .

========================================================================
Received Import Request.
  Time since last request: 0,586030 seconds.
  path: Assets/Particles/BulletHitEffect.prefab
  artifactKey: Guid(a35f1c6bcd4609e008b1ede6750cae60) Importer(815301076,1909f56bfc062723c751e8b465ee728b)
Start importing Assets/Particles/BulletHitEffect.prefab using Guid(a35f1c6bcd4609e008b1ede6750cae60) Importer(815301076,1909f56bfc062723c751e8b465ee728b) ./Editor/Platform/Linux/TempStubs.cpp:PlatformImageForIconForExtension
./Editor/Platform/Linux/TempStubs.cpp:PlatformImageForIconForExtension
./Editor/Platform/Linux/TempStubs.cpp:PlatformImageForIconForExtension
./Editor/Platform/Linux/TempStubs.cpp:PlatformImageForIconForExtension
./Editor/Platform/Linux/TempStubs.cpp:PlatformImageForIconForExtension
./Editor/Platform/Linux/TempStubs.cpp:PlatformImageForIconForExtension
./Editor/Platform/Linux/TempStubs.cpp:PlatformImageForIconForExtension
./Editor/Platform/Linux/TempStubs.cpp:PlatformImageForIconForExtension
./Editor/Platform/Linux/TempStubs.cpp:PlatformImageForIconForExtension
./Editor/Platform/Linux/TempStubs.cpp:PlatformImageForIconForExtension
./Editor/Platform/Linux/TempStubs.cpp:PlatformImageForIconForExtension
./Editor/Platform/Linux/TempStubs.cpp:PlatformImageForIconForExtension
./Editor/Platform/Linux/TempStubs.cpp:PlatformImageForIconForExtension
./Editor/Platform/Linux/TempStubs.cpp:PlatformImageForIconForExtension
./Editor/Platform/Linux/TempStubs.cpp:PlatformImageForIconForExtension
./Editor/Platform/Linux/TempStubs.cpp:PlatformImageForIconForExtension
./Editor/Platform/Linux/TempStubs.cpp:PlatformImageForIconForExtension
./Editor/Platform/Linux/TempStubs.cpp:PlatformImageForIconForExtension
./Editor/Platform/Linux/TempStubs.cpp:PlatformImageForIconForExtension
./Editor/Platform/Linux/TempStubs.cpp:PlatformImageForIconForExtension
./Editor/Platform/Linux/TempStubs.cpp:PlatformImageForIconForExtension
./Editor/Platform/Linux/TempStubs.cpp:PlatformImageForIconForExtension
./Editor/Platform/Linux/TempStubs.cpp:PlatformImageForIconForExtension
./Editor/Platform/Linux/TempStubs.cpp:PlatformImageForIconForExtension
./Editor/Platform/Linux/TempStubs.cpp:PlatformImageForIconForExtension
./Editor/Platform/Linux/TempStubs.cpp:PlatformImageForIconForExtension
./Editor/Platform/Linux/TempStubs.cpp:PlatformImageForIconForExtension
./Editor/Platform/Linux/TempStubs.cpp:PlatformImageForIconForExtension
./Editor/Platform/Linux/TempStubs.cpp:PlatformImageForIconForExtension
./Editor/Platform/Linux/TempStubs.cpp:PlatformImageForIconForExtension
./Editor/Platform/Linux/TempStubs.cpp:PlatformImageForIconForExtension
./Editor/Platform/Linux/TempStubs.cpp:PlatformImageForIconForExtension
./Editor/Platform/Linux/TempStubs.cpp:PlatformImageForIconForExtension
./Editor/Platform/Linux/TempStubs.cpp:PlatformImageForIconForExtension
./Editor/Platform/Linux/TempStubs.cpp:PlatformImageForIconForExtension
./Editor/Platform/Linux/TempStubs.cpp:PlatformImageForIconForExtension
./Editor/Platform/Linux/TempStubs.cpp:PlatformImageForIconForExtension
./Editor/Platform/Linux/TempStubs.cpp:PlatformImageForIconForExtension
./Editor/Platform/Linux/TempStubs.cpp:PlatformImageForIconForExtension
./Editor/Platform/Linux/TempStubs.cpp:PlatformImageForIconForExtension
./Editor/Platform/Linux/TempStubs.cpp:PlatformImageForIconForExtension
./Editor/Platform/Linux/TempStubs.cpp:PlatformImageForIconForExtension
./Editor/Platform/Linux/TempStubs.cpp:PlatformImageForIconForExtension
./Editor/Platform/Linux/TempStubs.cpp:PlatformImageForIconForExtension
./Editor/Platform/Linux/TempStubs.cpp:PlatformImageForIconForExtension
./Editor/Platform/Linux/TempStubs.cpp:PlatformImageForIconForExtension
./Editor/Platform/Linux/TempStubs.cpp:PlatformImageForIconForExtension
./Editor/Platform/Linux/TempStubs.cpp:PlatformImageForIconForExtension
./Editor/Platform/Linux/TempStubs.cpp:PlatformImageForIconForExtension
./Editor/Platform/Linux/TempStubs.cpp:PlatformImageForIconForExtension
./Editor/Platform/Linux/TempStubs.cpp:PlatformImageForIconForExtension
./Editor/Platform/Linux/TempStubs.cpp:PlatformImageForIconForExtension
./Editor/Platform/Linux/TempStubs.cpp:PlatformImageForIconForExtension
./Editor/Platform/Linux/TempStubs.cpp:PlatformImageForIconForExtension
./Editor/Platform/Linux/TempStubs.cpp:PlatformImageForIconForExtension
./Editor/Platform/Linux/TempStubs.cpp:PlatformImageForIconForExtension
./Editor/Platform/Linux/TempStubs.cpp:PlatformImageForIconForExtension
./Editor/Platform/Linux/TempStubs.cpp:PlatformIma -> (artifact id: '78674cc1888db9eb8c0de79eb4452000') in 0,046568 seconds
  Import took 0,054350 seconds .

========================================================================
Received Import Request.
  Time since last request: 0,000304 seconds.
  path: Assets/Particles/SniperBulletHit.prefab
  artifactKey: Guid(76f1fbd54addf7bd2814ea187274ee5b) Importer(815301076,1909f56bfc062723c751e8b465ee728b)
Start importing Assets/Particles/SniperBulletHit.prefab using Guid(76f1fbd54addf7bd2814ea187274ee5b) Importer(815301076,1909f56bfc062723c751e8b465ee728b)  -> (artifact id: '6ad4558f17ee059c937829c261de9102') in 0,006284 seconds
  Import took 0,014240 seconds .

========================================================================
Received Import Request.
  Time since last request: 0,000314 seconds.
  path: Assets/Particles/Explosion.prefab
  artifactKey: Guid(ab1265023fcfc5e4e8254f9a7bd5d35a) Importer(815301076,1909f56bfc062723c751e8b465ee728b)
Start importing Assets/Particles/Explosion.prefab using Guid(ab1265023fcfc5e4e8254f9a7bd5d35a) Importer(815301076,1909f56bfc062723c751e8b465ee728b)  -> (artifact id: 'c667744dc4b01e23a5168a3fa3057594') in 0,005385 seconds
  Import took 0,012938 seconds .

========================================================================
Received Import Request.
  Time since last request: 0,000247 seconds.
  path: Assets/Particles/LevelUpEffect.prefab
  artifactKey: Guid(1752d6cf9a90e8f0495aa9c62b19739c) Importer(815301076,1909f56bfc062723c751e8b465ee728b)
Start importing Assets/Particles/LevelUpEffect.prefab using Guid(1752d6cf9a90e8f0495aa9c62b19739c) Importer(815301076,1909f56bfc062723c751e8b465ee728b)  -> (artifact id: '727faaa85df8caa95d6370f7cc8f4968') in 0,005097 seconds
  Import took 0,014820 seconds .

========================================================================
Received Import Request.
  Time since last request: 2,211804 seconds.
  path: Assets/Materials
  artifactKey: Guid(d0234ba368eeec9418390da711bfdad0) Importer(815301076,1909f56bfc062723c751e8b465ee728b)
Start importing Assets/Materials using Guid(d0234ba368eeec9418390da711bfdad0) Importer(815301076,1909f56bfc062723c751e8b465ee728b)  -> (artifact id: 'd8beee5a270c09a4d67f07e28c00e694') in 0,001815 seconds
  Import took 0,010508 seconds .

========================================================================
Received Import Request.
  Time since last request: 0,001870 seconds.
  path: Assets/Materials
  artifactKey: Guid(d0234ba368eeec9418390da711bfdad0) Importer(815301076,1909f56bfc062723c751e8b465ee728b)
Start importing Assets/Materials using Guid(d0234ba368eeec9418390da711bfdad0) Importer(815301076,1909f56bfc062723c751e8b465ee728b)  -> (artifact id: 'd8beee5a270c09a4d67f07e28c00e694') in 0,001448 seconds
  Import took 0,008481 seconds .

========================================================================
Received Import Request.
  Time since last request: 0,127637 seconds.
  path: Assets/Materials/a.mat
  artifactKey: Guid(dd3d41c5fcda2ae45993e8ac84afe3bc) Importer(815301076,1909f56bfc062723c751e8b465ee728b)
Start importing Assets/Materials/a.mat using Guid(dd3d41c5fcda2ae45993e8ac84afe3bc) Importer(815301076,1909f56bfc062723c751e8b465ee728b)  -> (artifact id: '7525b9df32214843d0b6625ea68aea7b') in 0,251835 seconds
  Import took 0,261732 seconds .

========================================================================
Received Import Request.
  Time since last request: 0,000239 seconds.
  path: Assets/Materials/railgunMaterial.mat
  artifactKey: Guid(83c224b5fdf7826388139d0f2d460f3a) Importer(815301076,1909f56bfc062723c751e8b465ee728b)
Start importing Assets/Materials/railgunMaterial.mat using Guid(83c224b5fdf7826388139d0f2d460f3a) Importer(815301076,1909f56bfc062723c751e8b465ee728b)  -> (artifact id: '1fa3444a065553255d32a938a52ecf9f') in 0,012148 seconds
  Import took 0,018851 seconds .

========================================================================
Received Import Request.
  Time since last request: 0,000385 seconds.
  path: Assets/Materials/levelUpMaterial.mat
  artifactKey: Guid(e7f7daf9d6b22d596b150a4548b6ff71) Importer(815301076,1909f56bfc062723c751e8b465ee728b)
Start importing Assets/Materials/levelUpMaterial.mat using Guid(e7f7daf9d6b22d596b150a4548b6ff71) Importer(815301076,1909f56bfc062723c751e8b465ee728b)  -> (artifact id: '7412b12dd583ef2c7b2a3f1f2eb6e665') in 0,010262 seconds
  Import took 0,018985 seconds .

========================================================================
Received Import Request.
  Time since last request: 0,000287 seconds.
  path: Assets/Materials/GreenCircle.mat
  artifactKey: Guid(f63878ff881be8b44a953902e59de725) Importer(815301076,1909f56bfc062723c751e8b465ee728b)
Start importing Assets/Materials/GreenCircle.mat using Guid(f63878ff881be8b44a953902e59de725) Importer(815301076,1909f56bfc062723c751e8b465ee728b)  -> (artifact id: 'a353095fcc6be5a3c85b3073ef491508') in 0,012204 seconds
  Import took 0,019721 seconds .

========================================================================
Received Import Request.
  Time since last request: 0,000284 seconds.
  path: Assets/Materials/ProjectileFlare.mat
  artifactKey: Guid(beee26f83d6bd3a4f867b601b7e7858e) Importer(815301076,1909f56bfc062723c751e8b465ee728b)
Start importing Assets/Materials/ProjectileFlare.mat using Guid(beee26f83d6bd3a4f867b601b7e7858e) Importer(815301076,1909f56bfc062723c751e8b465ee728b)  -> (artifact id: 'fbdae1a44e1c1931b181eba3be1cfa45') in 0,012211 seconds
  Import took 0,019094 seconds .

========================================================================
Received Import Request.
  Time since last request: 0,000246 seconds.
  path: Assets/Materials/MaxHealthBtn.prefab
  artifactKey: Guid(959aa8f598dd0f048a7160cd9387f1bb) Importer(815301076,1909f56bfc062723c751e8b465ee728b)
Start importing Assets/Materials/MaxHealthBtn.prefab using Guid(959aa8f598dd0f048a7160cd9387f1bb) Importer(815301076,1909f56bfc062723c751e8b465ee728b)  -> (artifact id: '9b27ae540431126735d6949e1a1b5922') in 0,116863 seconds
  Import took 0,127496 seconds .

========================================================================
Received Import Request.
  Time since last request: 0,000266 seconds.
  path: Assets/Materials/turretStandardMaterial.mat
  artifactKey: Guid(ac988c4152c4bd0499fb6385e0fbe9a9) Importer(815301076,1909f56bfc062723c751e8b465ee728b)
Start importing Assets/Materials/turretStandardMaterial.mat using Guid(ac988c4152c4bd0499fb6385e0fbe9a9) Importer(815301076,1909f56bfc062723c751e8b465ee728b)  -> (artifact id: '573dcc27c5fe99ddd16a0e999fa530cc') in 0,014765 seconds
  Import took 0,024779 seconds .

========================================================================
Received Import Request.
  Time since last request: 0,000313 seconds.
  path: Assets/Materials/smokeMaterial.mat
  artifactKey: Guid(ffd7f3f61e323a2469e28b25b39d76ed) Importer(815301076,1909f56bfc062723c751e8b465ee728b)
Start importing Assets/Materials/smokeMaterial.mat using Guid(ffd7f3f61e323a2469e28b25b39d76ed) Importer(815301076,1909f56bfc062723c751e8b465ee728b)  -> (artifact id: '4e212e3da65e2f05e4951c639d602115') in 0,012517 seconds
  Import took 0,022021 seconds .

========================================================================
Received Import Request.
  Time since last request: 0,000352 seconds.
  path: Assets/Materials/plane.mat
  artifactKey: Guid(6cf376867e118db4c904711cbf221cba) Importer(815301076,1909f56bfc062723c751e8b465ee728b)
Start importing Assets/Materials/plane.mat using Guid(6cf376867e118db4c904711cbf221cba) Importer(815301076,1909f56bfc062723c751e8b465ee728b)  -> (artifact id: '56459da9a618e7f0cfa68afce4e7f770') in 0,011893 seconds
  Import took 0,019503 seconds .

========================================================================
Received Import Request.
  Time since last request: 0,000305 seconds.
  path: Assets/Materials/SniperRifleParticle.mat
  artifactKey: Guid(d56a45b302b299f4997d03338c31b7d2) Importer(815301076,1909f56bfc062723c751e8b465ee728b)
Start importing Assets/Materials/SniperRifleParticle.mat using Guid(d56a45b302b299f4997d03338c31b7d2) Importer(815301076,1909f56bfc062723c751e8b465ee728b)  -> (artifact id: '2e02079539f327b3121c64226a43f253') in 0,013016 seconds
  Import took 0,019517 seconds .

========================================================================
Received Import Request.
  Time since last request: 0,000291 seconds.
  path: Assets/Materials/New Material 2.mat
  artifactKey: Guid(428f4dac1d0228dcf9d67c63306ff02a) Importer(815301076,1909f56bfc062723c751e8b465ee728b)
Start importing Assets/Materials/New Material 2.mat using Guid(428f4dac1d0228dcf9d67c63306ff02a) Importer(815301076,1909f56bfc062723c751e8b465ee728b)  -> (artifact id: '9d9861cc8f889f615c6e6005f37c3d48') in 0,013635 seconds
  Import took 0,021800 seconds .

========================================================================
Received Import Request.
  Time since last request: 0,000253 seconds.
  path: Assets/Materials/New Material 1.mat
  artifactKey: Guid(39ba56959d855c4448f7acd9180487bf) Importer(815301076,1909f56bfc062723c751e8b465ee728b)
Start importing Assets/Materials/New Material 1.mat using Guid(39ba56959d855c4448f7acd9180487bf) Importer(815301076,1909f56bfc062723c751e8b465ee728b)  -> (artifact id: '4512c433c9b9b7158f0edc4643aa898c') in 0,014305 seconds
  Import took 0,022290 seconds .

========================================================================
Received Import Request.
  Time since last request: 0,000318 seconds.
  path: Assets/Materials/New Material.mat
  artifactKey: Guid(56453f35e18e9e1bc9ca358e9685086c) Importer(815301076,1909f56bfc062723c751e8b465ee728b)
Start importing Assets/Materials/New Material.mat using Guid(56453f35e18e9e1bc9ca358e9685086c) Importer(815301076,1909f56bfc062723c751e8b465ee728b)  -> (artifact id: '5946f58f9df0f281c54eed201d389af9') in 0,014652 seconds
  Import took 0,023236 seconds .

========================================================================
Received Import Request.
  Time since last request: 0,001493 seconds.
  path: Assets/Materials/ShootParticles.mat
  artifactKey: Guid(30b9b5f92dbacbd4692a2fff9288f7dc) Importer(815301076,1909f56bfc062723c751e8b465ee728b)
Start importing Assets/Materials/ShootParticles.mat using Guid(30b9b5f92dbacbd4692a2fff9288f7dc) Importer(815301076,1909f56bfc062723c751e8b465ee728b)  -> (artifact id: '0212573c0f26065fe63a48a2f4b92c78') in 0,046687 seconds
  Import took 0,055847 seconds .

========================================================================
Received Import Request.
  Time since last request: 0,000408 seconds.
  path: Assets/Materials/EnemyMateril.mat
  artifactKey: Guid(9ac4a7982cbe8b9468dd0f542ec8c1c0) Importer(815301076,1909f56bfc062723c751e8b465ee728b)
Start importing Assets/Materials/EnemyMateril.mat using Guid(9ac4a7982cbe8b9468dd0f542ec8c1c0) Importer(815301076,1909f56bfc062723c751e8b465ee728b)  -> (artifact id: '5a6ff246760ee030f1f61733dd7969d8') in 0,015100 seconds
  Import took 0,022968 seconds .

========================================================================
Received Import Request.
  Time since last request: 23,101336 seconds.
  path: Assets/Materials/laserMat.mat
  artifactKey: Guid(a775346f2abe8bfc4bc387681b8ee359) Importer(815301076,1909f56bfc062723c751e8b465ee728b)
Start importing Assets/Materials/laserMat.mat using Guid(a775346f2abe8bfc4bc387681b8ee359) Importer(815301076,1909f56bfc062723c751e8b465ee728b)  -> (artifact id: '70bf22784244bff8508a7440db8514e5') in 0,016235 seconds
  Import took 0,026287 seconds .

========================================================================
Received Import Request.
  Time since last request: 0,000443 seconds.
  path: Assets/Materials/RailgunEffectMaterial.mat
  artifactKey: Guid(e17aedcba1796aa44bb1c845da6e1c7d) Importer(815301076,1909f56bfc062723c751e8b465ee728b)
Start importing Assets/Materials/RailgunEffectMaterial.mat using Guid(e17aedcba1796aa44bb1c845da6e1c7d) Importer(815301076,1909f56bfc062723c751e8b465ee728b)  -> (artifact id: '50cab735d697216bcfefb0960510a6d6') in 0,492185 seconds
  Import took 0,502159 seconds .

========================================================================
Received Import Request.
  Time since last request: 0,006870 seconds.
  path: Assets/Materials/RailgunEffectMaterial.mat
  artifactKey: Guid(e17aedcba1796aa44bb1c845da6e1c7d) Importer(815301076,1909f56bfc062723c751e8b465ee728b)
Start importing Assets/Materials/RailgunEffectMaterial.mat using Guid(e17aedcba1796aa44bb1c845da6e1c7d) Importer(815301076,1909f56bfc062723c751e8b465ee728b)  -> (artifact id: '50cab735d697216bcfefb0960510a6d6') in 0,012937 seconds
  Import took 0,023595 seconds .

========================================================================
Received Import Request.
  Time since last request: 143,990091 seconds.
  path: Assets/Materials/laserMat.mat
  artifactKey: Guid(a775346f2abe8bfc4bc387681b8ee359) Importer(815301076,1909f56bfc062723c751e8b465ee728b)
Start importing Assets/Materials/laserMat.mat using Guid(a775346f2abe8bfc4bc387681b8ee359) Importer(815301076,1909f56bfc062723c751e8b465ee728b)  -> (artifact id: 'b1abff82a33e9828a421d7ffc573743b') in 0,011951 seconds
  Import took 0,021101 seconds .

========================================================================
Received Import Request.
  Time since last request: 0,024666 seconds.
  path: Assets/Materials/laserMat.mat
  artifactKey: Guid(a775346f2abe8bfc4bc387681b8ee359) Importer(815301076,1909f56bfc062723c751e8b465ee728b)
Start importing Assets/Materials/laserMat.mat using Guid(a775346f2abe8bfc4bc387681b8ee359) Importer(815301076,1909f56bfc062723c751e8b465ee728b)  -> (artifact id: 'b1abff82a33e9828a421d7ffc573743b') in 0,012066 seconds
  Import took 0,020463 seconds .

========================================================================
Received Import Request.
  Time since last request: 13,734877 seconds.
  path: Assets/Scripts/Turret/DoubleBarrelTurret.asset
  artifactKey: Guid(f7d605746a2b4be46a9f7ea85535c070) Importer(815301076,1909f56bfc062723c751e8b465ee728b)
Start importing Assets/Scripts/Turret/DoubleBarrelTurret.asset using Guid(f7d605746a2b4be46a9f7ea85535c070) Importer(815301076,1909f56bfc062723c751e8b465ee728b)  -> (artifact id: 'e7f70d20bb0c35426f25cbfbe4c48f06') in 0,005482 seconds
  Import took 0,014952 seconds .

========================================================================
Received Import Request.
  Time since last request: 0,000290 seconds.
  path: Assets/Scripts/Turret/SingleBarrelTurret.asset
  artifactKey: Guid(a58485a0d635e8649aafb56494b8bb1a) Importer(815301076,1909f56bfc062723c751e8b465ee728b)
Start importing Assets/Scripts/Turret/SingleBarrelTurret.asset using Guid(a58485a0d635e8649aafb56494b8bb1a) Importer(815301076,1909f56bfc062723c751e8b465ee728b)  -> (artifact id: 'b34ccd4a69b2cd11abe9a7bcee889c14') in 0,002988 seconds
  Import took 0,010581 seconds .

========================================================================
Received Import Request.
  Time since last request: 0,021455 seconds.
  path: Assets/Scripts/Turret/DoubleBarrelTurret.asset
  artifactKey: Guid(f7d605746a2b4be46a9f7ea85535c070) Importer(815301076,1909f56bfc062723c751e8b465ee728b)
Start importing Assets/Scripts/Turret/DoubleBarrelTurret.asset using Guid(f7d605746a2b4be46a9f7ea85535c070) Importer(815301076,1909f56bfc062723c751e8b465ee728b)  -> (artifact id: 'e7f70d20bb0c35426f25cbfbe4c48f06') in 0,003152 seconds
  Import took 0,012222 seconds .

========================================================================
Received Import Request.
  Time since last request: 7,244038 seconds.
  path: Assets/Scripts/Turret/UVLaser.asset
  artifactKey: Guid(a833fe08c2b11b61495e156569c7ad5f) Importer(815301076,1909f56bfc062723c751e8b465ee728b)
Start importing Assets/Scripts/Turret/UVLaser.asset using Guid(a833fe08c2b11b61495e156569c7ad5f) Importer(815301076,1909f56bfc062723c751e8b465ee728b)  -> (artifact id: '0b69f22232097264d2927c3486b8944c') in 0,005621 seconds
  Import took 0,015601 seconds .

========================================================================
Received Import Request.
  Time since last request: 0,005749 seconds.
  path: Assets/Scripts/Turret/UVLaser.asset
  artifactKey: Guid(a833fe08c2b11b61495e156569c7ad5f) Importer(815301076,1909f56bfc062723c751e8b465ee728b)
Start importing Assets/Scripts/Turret/UVLaser.asset using Guid(a833fe08c2b11b61495e156569c7ad5f) Importer(815301076,1909f56bfc062723c751e8b465ee728b)  -> (artifact id: '0b69f22232097264d2927c3486b8944c') in 0,004700 seconds
  Import took 0,011134 seconds .

========================================================================
Received Import Request.
  Time since last request: 266,839524 seconds.
  path: Assets/Scripts/Turret/UVLaser.asset
  artifactKey: Guid(a833fe08c2b11b61495e156569c7ad5f) Importer(815301076,1909f56bfc062723c751e8b465ee728b)
Start importing Assets/Scripts/Turret/UVLaser.asset using Guid(a833fe08c2b11b61495e156569c7ad5f) Importer(815301076,1909f56bfc062723c751e8b465ee728b)  -> (artifact id: '80ccc84c7462966181db266eaeb0adfb') in 0,004439 seconds
  Import took 0,014938 seconds .

========================================================================
Received Prepare
Registering precompiled user dll's ...
Registered in 0,001537 seconds.
Begin MonoManager ReloadAssembly
Native extension for LinuxStandalone target not found
Refreshing native plugins compatible for Editor in 1,23 ms, found 0 plugins.
Preloading 0 native plugins for Editor in 0,00 ms.
Mono: successfully reloaded assembly
- Completed reload, in  2,137 seconds
Platform modules already initialized, skipping
Switching build target platform(24) subTarget(0) extendedPlatform(0) -> platform(13) subTarget(589824) extendedPlatform(0)
Shader 'Universal Render Pipeline/Particles/Lit': fallback shader 'Universal Render Pipeline/Particles/SimpleLit' not found
Refreshing native plugins compatible for Editor in 1,18 ms, found 0 plugins.
Preloading 0 native plugins for Editor in 0,00 ms.
Unloading 2633 Unused Serialized files (Serialized files now loaded: 0)
System memory in use before: 116,6 MB.
System memory in use after: 115,8 MB.

Unloading 44 unused Assets to reduce memory usage. Loaded Objects now: 3272.
Total: 8,978187 ms (FindLiveObjects: 0,844756 ms CreateObjectMapping: 0,360130 ms MarkObjects: 5,819471 ms  DeleteObjects: 1,949908 ms)

AssetImportParameters requested are different than current active one (requested -> active):
  custom:graphics/normal-map-encoding: 01000000000000000000000000000000 -> 02000000000000000000000000000000
========================================================================
Received Import Request.
  Time since last request: 198,221916 seconds.
  path: Assets/Prefabs/UI
  artifactKey: Guid(66bea151757962d44a3ec6703f1cc03f) Importer(815301076,1909f56bfc062723c751e8b465ee728b)
Start importing Assets/Prefabs/UI using Guid(66bea151757962d44a3ec6703f1cc03f) Importer(815301076,1909f56bfc062723c751e8b465ee728b)  -> (artifact id: 'b1f8623b57305416ac73bfbe237c28bc') in 0,007093 seconds
  Import took 0,016800 seconds .

========================================================================
Received Import Request.
  Time since last request: 0,043310 seconds.
  path: Assets/Prefabs/UI/crystalShopSlot.prefab
  artifactKey: Guid(5fb2c97c1e7b1d146919c5d6ae0d08e0) Importer(815301076,1909f56bfc062723c751e8b465ee728b)
Start importing Assets/Prefabs/UI/crystalShopSlot.prefab using Guid(5fb2c97c1e7b1d146919c5d6ae0d08e0) Importer(815301076,1909f56bfc062723c751e8b465ee728b)  -> (artifact id: '951c2ab935a02d22629cf3f7fa65c332') in 0,126013 seconds
  Import took 0,135338 seconds .

========================================================================
Received Import Request.
  Time since last request: 0,000298 seconds.
  path: Assets/Prefabs/UI/DamageValue.prefab
  artifactKey: Guid(ad554597e093ec542890a95222224c31) Importer(815301076,1909f56bfc062723c751e8b465ee728b)
Start importing Assets/Prefabs/UI/DamageValue.prefab using Guid(ad554597e093ec542890a95222224c31) Importer(815301076,1909f56bfc062723c751e8b465ee728b)  -> (artifact id: 'fa8c101e402d8adf658438d51a26caf8') in 0,022854 seconds
  Import took 0,029912 seconds .

========================================================================
Received Import Request.
  Time since last request: 0,000287 seconds.
  path: Assets/Prefabs/UI/UpgradeBtn.prefab
  artifactKey: Guid(5ddbdcb0d784f3c478926c78334f929b) Importer(815301076,1909f56bfc062723c751e8b465ee728b)
Start importing Assets/Prefabs/UI/UpgradeBtn.prefab using Guid(5ddbdcb0d784f3c478926c78334f929b) Importer(815301076,1909f56bfc062723c751e8b465ee728b)  -> (artifact id: '2c1508fd9497eef78e07655c4bd994fb') in 0,027815 seconds
  Import took 0,035789 seconds .

========================================================================
Received Import Request.
  Time since last request: 0,000252 seconds.
  path: Assets/Prefabs/UI/DamageValue.prefab
  artifactKey: Guid(ad554597e093ec542890a95222224c31) Importer(815301076,1909f56bfc062723c751e8b465ee728b)
Start importing Assets/Prefabs/UI/DamageValue.prefab using Guid(ad554597e093ec542890a95222224c31) Importer(815301076,1909f56bfc062723c751e8b465ee728b)  -> (artifact id: 'fa8c101e402d8adf658438d51a26caf8') in 0,030469 seconds
  Import took 0,038945 seconds .

========================================================================
Received Import Request.
  Time since last request: 0,000287 seconds.
  path: Assets/Prefabs/UI/DamageValueCritical.prefab
  artifactKey: Guid(577b5f5c5b052f74d8ca352a12918b01) Importer(815301076,1909f56bfc062723c751e8b465ee728b)
Start importing Assets/Prefabs/UI/DamageValueCritical.prefab using Guid(577b5f5c5b052f74d8ca352a12918b01) Importer(815301076,1909f56bfc062723c751e8b465ee728b)  -> (artifact id: 'd82257ee03efe87246f2a05f813413ea') in 0,025381 seconds
  Import took 0,033657 seconds .

========================================================================
Received Import Request.
  Time since last request: 0,000314 seconds.
  path: Assets/Prefabs/UI/GameUI.prefab
  artifactKey: Guid(8a14a387432ebe449959e0b850f0cd92) Importer(815301076,1909f56bfc062723c751e8b465ee728b)
Start importing Assets/Prefabs/UI/GameUI.prefab using Guid(8a14a387432ebe449959e0b850f0cd92) Importer(815301076,1909f56bfc062723c751e8b465ee728b)  -> (artifact id: '2fa28c3a94ed559eb86fc0c82c5620ff') in 0,080158 seconds
  Import took 0,089123 seconds .

========================================================================
Received Import Request.
  Time since last request: 0,000258 seconds.
  path: Assets/Prefabs/UI/ShopUnlock.prefab
  artifactKey: Guid(8f50cc0904c59624f84f6ebb7573977e) Importer(815301076,1909f56bfc062723c751e8b465ee728b)
Start importing Assets/Prefabs/UI/ShopUnlock.prefab using Guid(8f50cc0904c59624f84f6ebb7573977e) Importer(815301076,1909f56bfc062723c751e8b465ee728b)  -> (artifact id: 'f8521f3b35c5051b37171b20053ee925') in 0,147160 seconds
  Import took 0,168137 seconds .

========================================================================
Received Import Request.
  Time since last request: 0,004161 seconds.
  path: Assets/Prefabs/UI/ShopUnlock.prefab
  artifactKey: Guid(8f50cc0904c59624f84f6ebb7573977e) Importer(815301076,1909f56bfc062723c751e8b465ee728b)
Start importing Assets/Prefabs/UI/ShopUnlock.prefab using Guid(8f50cc0904c59624f84f6ebb7573977e) Importer(815301076,1909f56bfc062723c751e8b465ee728b)  -> (artifact id: 'f8521f3b35c5051b37171b20053ee925') in 0,118139 seconds
  Import took 0,136102 seconds .

========================================================================
Received Prepare
Registering precompiled user dll's ...
Registered in 0,001653 seconds.
Begin MonoManager ReloadAssembly
Native extension for LinuxStandalone target not found
Refreshing native plugins compatible for Editor in 1,27 ms, found 0 plugins.
Preloading 0 native plugins for Editor in 0,00 ms.
Mono: successfully reloaded assembly
- Completed reload, in  1,911 seconds
Platform modules already initialized, skipping
Switching build target platform(24) subTarget(0) extendedPlatform(0) -> platform(13) subTarget(589824) extendedPlatform(0)
Shader 'Universal Render Pipeline/Particles/Lit': fallback shader 'Universal Render Pipeline/Particles/SimpleLit' not found
Refreshing native plugins compatible for Editor in 0,81 ms, found 0 plugins.
Preloading 0 native plugins for Editor in 0,00 ms.
Unloading 2633 Unused Serialized files (Serialized files now loaded: 0)
System memory in use before: 116,7 MB.
System memory in use after: 115,9 MB.

Unloading 46 unused Assets to reduce memory usage. Loaded Objects now: 3275.
Total: 8,085843 ms (FindLiveObjects: 0,761194 ms CreateObjectMapping: 0,285453 ms MarkObjects: 5,801869 ms  DeleteObjects: 1,233103 ms)

AssetImportParameters requested are different than current active one (requested -> active):
  custom:graphics/normal-map-encoding: 01000000000000000000000000000000 -> 02000000000000000000000000000000
========================================================================
Received Import Request.
  Time since last request: 17,396657 seconds.
  path: Assets/Prefabs/Enemy.prefab
  artifactKey: Guid(43c2e8f94eef5544082bededa6633eee) Importer(815301076,1909f56bfc062723c751e8b465ee728b)
Start importing Assets/Prefabs/Enemy.prefab using Guid(43c2e8f94eef5544082bededa6633eee) Importer(815301076,1909f56bfc062723c751e8b465ee728b)  -> (artifact id: '98509353db30a5f84eb3f760abf28d4b') in 0,363326 seconds
  Import took 0,372967 seconds .

========================================================================
Received Import Request.
  Time since last request: 8,764911 seconds.
  path: Assets/Prefabs/Enemy.prefab
  artifactKey: Guid(43c2e8f94eef5544082bededa6633eee) Importer(815301076,1909f56bfc062723c751e8b465ee728b)
Start importing Assets/Prefabs/Enemy.prefab using Guid(43c2e8f94eef5544082bededa6633eee) Importer(815301076,1909f56bfc062723c751e8b465ee728b)  -> (artifact id: 'fa0473092cb18e2550b2b347a6a4cda3') in 0,041375 seconds
  Import took 0,051311 seconds .

========================================================================
Received Prepare
Registering precompiled user dll's ...
Registered in 0,001754 seconds.
Begin MonoManager ReloadAssembly
Native extension for LinuxStandalone target not found
Refreshing native plugins compatible for Editor in 1,25 ms, found 0 plugins.
Preloading 0 native plugins for Editor in 0,00 ms.
Mono: successfully reloaded assembly
- Completed reload, in  1,879 seconds
Platform modules already initialized, skipping
Switching build target platform(24) subTarget(0) extendedPlatform(0) -> platform(13) subTarget(589824) extendedPlatform(0)
Shader 'Universal Render Pipeline/Particles/Lit': fallback shader 'Universal Render Pipeline/Particles/SimpleLit' not found
Refreshing native plugins compatible for Editor in 0,84 ms, found 0 plugins.
Preloading 0 native plugins for Editor in 0,00 ms.
Unloading 2633 Unused Serialized files (Serialized files now loaded: 0)
System memory in use before: 116,8 MB.
System memory in use after: 116,0 MB.

Unloading 44 unused Assets to reduce memory usage. Loaded Objects now: 3314.
Total: 8,549423 ms (FindLiveObjects: 0,725851 ms CreateObjectMapping: 0,363056 ms MarkObjects: 6,177753 ms  DeleteObjects: 1,278925 ms)

AssetImportParameters requested are different than current active one (requested -> active):
  custom:graphics/normal-map-encoding: 01000000000000000000000000000000 -> 02000000000000000000000000000000
========================================================================
Received Import Request.
  Time since last request: 33,008555 seconds.
  path: Assets/Prefabs/Enemy.prefab
  artifactKey: Guid(43c2e8f94eef5544082bededa6633eee) Importer(815301076,1909f56bfc062723c751e8b465ee728b)
Start importing Assets/Prefabs/Enemy.prefab using Guid(43c2e8f94eef5544082bededa6633eee) Importer(815301076,1909f56bfc062723c751e8b465ee728b)  -> (artifact id: '5db70501ca68eb543dddbc8a1b0d3385') in 0,336562 seconds
  Import took 0,345289 seconds .

========================================================================
Received Import Request.
  Time since last request: 2,320166 seconds.
  path: Assets/Prefabs/Enemy.prefab
  artifactKey: Guid(43c2e8f94eef5544082bededa6633eee) Importer(815301076,1909f56bfc062723c751e8b465ee728b)
Start importing Assets/Prefabs/Enemy.prefab using Guid(43c2e8f94eef5544082bededa6633eee) Importer(815301076,1909f56bfc062723c751e8b465ee728b)  -> (artifact id: '5db70501ca68eb543dddbc8a1b0d3385') in 0,032636 seconds
  Import took 0,041618 seconds .

========================================================================
Received Import Request.
  Time since last request: 40,844986 seconds.
  path: Assets/Scenes/Main.unity
  artifactKey: Guid(eb16a113f39237149a19f2d7c489ef70) Importer(815301076,1909f56bfc062723c751e8b465ee728b)
Start importing Assets/Scenes/Main.unity using Guid(eb16a113f39237149a19f2d7c489ef70) Importer(815301076,1909f56bfc062723c751e8b465ee728b)  -> (artifact id: 'd2ebafa94f3121f514b7b3a5be05b7cb') in 0,002851 seconds
  Import took 0,011062 seconds .

========================================================================
Received Prepare
Registering precompiled user dll's ...
Registered in 0,002149 seconds.
Begin MonoManager ReloadAssembly
Native extension for LinuxStandalone target not found
Refreshing native plugins compatible for Editor in 0,86 ms, found 0 plugins.
Preloading 0 native plugins for Editor in 0,00 ms.
Mono: successfully reloaded assembly
- Completed reload, in  1,955 seconds
Platform modules already initialized, skipping
Switching build target platform(24) subTarget(0) extendedPlatform(0) -> platform(13) subTarget(589824) extendedPlatform(0)
Shader 'Universal Render Pipeline/Particles/Lit': fallback shader 'Universal Render Pipeline/Particles/SimpleLit' not found
Refreshing native plugins compatible for Editor in 1,27 ms, found 0 plugins.
Preloading 0 native plugins for Editor in 0,00 ms.
Unloading 2633 Unused Serialized files (Serialized files now loaded: 0)
System memory in use before: 117,0 MB.
System memory in use after: 116,2 MB.

Unloading 44 unused Assets to reduce memory usage. Loaded Objects now: 3353.
Total: 7,345821 ms (FindLiveObjects: 0,598028 ms CreateObjectMapping: 0,185503 ms MarkObjects: 5,210831 ms  DeleteObjects: 1,348639 ms)

AssetImportParameters requested are different than current active one (requested -> active):
  custom:graphics/normal-map-encoding: 01000000000000000000000000000000 -> 02000000000000000000000000000000
AssetImportWorkerClient::OnTransportError - code=2 error=End of file
